.uploads/schedule-disk/android/app/build/intermediates/manifest_merge_blame_file/debug/processDebugMainManifest/manifest-merger-blame-debug-report.txt
1<?xml version="1.0" encoding="utf-8"?>
2<manifest xmlns:android="http://schemas.android.com/apk/res/android"
3    package="com.orbit.schedule"
4    android:versionCode="1"
5    android:versionName="1.0" >
6
7    <uses-sdk
8        android:minSdkVersion="26"
9        android:targetSdkVersion="34" />
10
11    <uses-permission android:name="android.permission.INTERNET" />
11-->src/main/AndroidManifest.xml:4:5-67
11-->src/main/AndroidManifest.xml:4:22-64
12    <uses-permission android:name="android.permission.POST_NOTIFICATIONS" />
12-->src/main/AndroidManifest.xml:5:5-77
12-->src/main/AndroidManifest.xml:5:22-74
13
14    <application
14-->src/main/AndroidManifest.xml:7:5-24:19
15        android:debuggable="true"
16        android:extractNativeLibs="false"
17        android:hardwareAccelerated="true"
17-->src/main/AndroidManifest.xml:11:9-43
18        android:icon="@mipmap/ic_launcher"
18-->src/main/AndroidManifest.xml:9:9-43
19        android:label="@string/app_name"
19-->src/main/AndroidManifest.xml:8:9-41
20        android:supportsRtl="true"
20-->src/main/AndroidManifest.xml:12:9-35
21        android:theme="@style/Theme.Orbit" >
21-->src/main/AndroidManifest.xml:10:9-43
22        <activity
22-->src/main/AndroidManifest.xml:14:9-23:20
23            android:name="com.orbit.schedule.MainActivity"
23-->src/main/AndroidManifest.xml:15:13-41
24            android:configChanges="orientation|screenSize|screenLayout|keyboardHidden|uiMode"
24-->src/main/AndroidManifest.xml:18:13-94
25            android:exported="true"
25-->src/main/AndroidManifest.xml:16:13-36
26            android:launchMode="singleTask" >
26-->src/main/AndroidManifest.xml:17:13-44
27            <intent-filter>
27-->src/main/AndroidManifest.xml:19:13-22:29
28                <action android:name="android.intent.action.MAIN" />
28-->src/main/AndroidManifest.xml:20:17-69
28-->src/main/AndroidManifest.xml:20:25-66
29
30                <category android:name="android.intent.category.LAUNCHER" />
30-->src/main/AndroidManifest.xml:21:17-77
30-->src/main/AndroidManifest.xml:21:27-74
31            </intent-filter>
32        </activity>
33    </application>
34
35</manifest>